[2025-11-29 15:26:07] admin: 删除文件: SpringMVC.docx 从容器: 1031
[2025-11-29 15:30:40] admin: 查看文件: 1.jpg 从容器: 1031
[2025-11-29 15:30:40] admin: 下载文件: 1.jpg 从容器: 1031
[2025-11-29 15:30:44] admin: 查看文件: 新建 文本文档.txt 从容器: 1031
[2025-11-29 15:30:47] admin: 查看文件: 新建 文本文档.txt 从容器: 1031
[2025-11-29 15:36:33] admin: 上传文件: 新建 DOCX 文档.docx 到容器: 1031
[2025-11-29 15:36:42] admin: 上传文件: 1.png 到容器: 1031
[2025-11-29 15:36:47] admin: 查看文件: 1.png 从容器: 1031
[2025-11-29 15:36:47] admin: 下载文件: 1.png 从容器: 1031
[2025-11-29 15:37:05] AnonymousUser: 批量删除: 成功2个, 失败0个
[2025-11-29 15:53:07] admin: 查看文件: 1.jpg 从容器: 1031
[2025-11-29 15:53:07] admin: 下载文件: 1.jpg 从容器: 1031
[2025-11-29 15:53:11] admin: 删除文件: 1.jpg 从容器: 1031
[2025-11-29 15:53:14] admin: 下载文件: 新建 DOCX 文档.docx 从容器: 1031
[2025-11-29 16:08:34] admin: 查看文件: 新建 DOCX 文档.docx 从容器: 1031
[2025-11-29 16:08:37] admin: 查看文件: 新建 文本文档.txt 从容器: 1031
[2025-11-29 16:08:42] AnonymousUser: 批量删除: 成功1个, 失败0个
[2025-11-29 19:29:15] admin: 查看文件: 新建 文本文档.txt 从容器: 1031
[2025-11-29 19:29:46] admin: 上传文件: 新建 DOCX 文档.pdf 到容器: 1031
[2025-11-29 19:29:59] admin: 上传文件: 1.png 到容器: 1031
[2025-11-29 19:47:33] admin: 查看文件: 1.png 从容器: 1031
[2025-11-29 19:47:33] admin: 下载文件: 1.png 从容器: 1031
[2025-11-29 20:03:44] admin: 查看文件: 1.png 从容器: 1031
[2025-11-29 20:03:44] admin: 下载文件: 1.png 从容器: 1031
[2025-11-29 20:17:38] admin: 查看文件: 1.png 从容器: 1031
[2025-11-29 20:17:38] admin: 下载文件: 1.png 从容器: 1031
[2025-11-29 20:36:32] admin: 上传文件: file3.txt 到容器: 1031
[2025-11-29 20:36:36] admin: 下载文件: 1.png 从容器: 1031
[2025-11-29 20:36:47] admin: 查看文件: 1.png 从容器: 1031
[2025-11-29 20:36:47] admin: 下载文件: 1.png 从容器: 1031
[2025-11-29 20:36:54] admin: 查看文件: file3.txt 从容器: 1031
[2025-11-29 20:37:00] admin: 查看文件: 新建 文本文档.txt 从容器: 1031
[2025-11-29 20:37:03] admin: 查看文件: 新建 DOCX 文档.pdf 从容器: 1031
[2025-11-29 20:37:25] admin: 上传文件: 集群存储技术知识点详解.txt 到容器: 1031
[2025-11-29 20:37:32] admin: 上传文件: 云存储技术与应用.txt 到容器: 1031
[2025-11-29 20:37:38] admin: 上传文件: file2.txt 到容器: 1031
[2025-11-29 20:38:57] admin: 下载文件: 1.png 从容器: 1031
[2025-11-29 20:39:00] admin: 下载文件: 1.png 从容器: 1031
[2025-11-29 20:39:13] admin: 删除文件: file2.txt 从容器: 1031
[2025-11-29 20:39:18] admin: 删除文件: file3.txt 从容器: 1031
[2025-11-29 20:39:58] admin: 删除文件: 新建 DOCX 文档.pdf 从容器: 1031
[2025-11-29 20:47:54] admin: 上传文件: file2.txt 到容器: 1031
[2025-11-30 12:03:56] admin: 查看文件: 1.png 从容器: 1031
[2025-11-30 12:03:56] admin: 下载文件: 1.png 从容器: 1031
[2025-11-30 12:03:59] admin: 查看文件: file2.txt 从容器: 1031
[2025-11-30 12:04:03] admin: 查看文件: 云存储技术与应用.txt 从容器: 1031
[2025-11-30 12:04:07] admin: 查看文件: 1.png 从容器: 1031
[2025-11-30 12:04:07] admin: 下载文件: 1.png 从容器: 1031
[2025-11-30 12:04:13] admin: 删除文件: 1.png 从容器: 1031
[2025-11-30 12:15:51] admin: 查看文件: file2.txt 从容器: 1031
[2025-11-30 12:16:00] admin: 上传文件: 实验5-MapReduce初级编程实践-大数据技术原理与应用（第4版）.pdf 到容器: 1031
[2025-11-30 12:16:15] admin: 查看文件: 实验5-MapReduce初级编程实践-大数据技术原理与应用（第4版）.pdf 从容器: 1031
[2025-11-30 12:16:15] admin: 下载文件: 实验5-MapReduce初级编程实践-大数据技术原理与应用（第4版）.pdf 从容器: 1031
[2025-11-30 12:16:29] admin: 删除文件: 实验5-MapReduce初级编程实践-大数据技术原理与应用（第4版）.pdf 从容器: 1031
[2025-11-30 12:16:40] admin: 上传文件: lesson_4_教案.pdf 到容器: 1031
[2025-11-30 12:16:46] admin: 查看文件: lesson_4_教案.pdf 从容器: 1031
[2025-11-30 12:16:46] admin: 下载文件: lesson_4_教案.pdf 从容器: 1031
[2025-11-30 12:17:00] admin: 上传文件: IMG20251126103947.jpg 到容器: 1031
[2025-11-30 12:17:02] admin: 查看文件: IMG20251126103947.jpg 从容器: 1031
[2025-11-30 12:17:02] admin: 下载文件: IMG20251126103947.jpg 从容器: 1031
[2025-11-30 12:17:06] admin: 下载文件: IMG20251126103947.jpg 从容器: 1031
[2025-11-30 12:17:10] admin: 删除文件: IMG20251126103947.jpg 从容器: 1031
[2025-11-30 12:19:50] admin: 查看文件: 云存储技术知识点详解.txt 从容器: 23432
[2025-11-30 12:28:09] admin: 查看文件: 云存储技术知识点详解.txt 从容器: 23432
[2025-11-30 14:20:48] whp3: 用户注册成功
[2025-11-30 14:23:22] whp: 用户注册成功
[2025-11-30 14:33:11] admin: 查看文件: file2.txt 从容器: 1031
[2025-11-30 15:01:36] admin: 查看文件: file2.txt 从容器: 1031
[2025-11-30 15:01:38] admin: 下载文件: file2.txt 从容器: 1031
[2025-11-30 15:01:43] admin: 查看文件: lesson_4_教案.pdf 从容器: 1031
[2025-11-30 15:01:43] admin: 下载文件: lesson_4_教案.pdf 从容器: 1031
[2025-11-30 16:09:19] admin: 查看文件: file2.txt 从容器: 1031
[2025-11-30 16:09:22] admin: 查看文件: 云存储技术与应用.txt 从容器: 1031
[2025-11-30 16:09:25] admin: 查看文件: 新建 文本文档.txt 从容器: 1031
[2025-11-30 16:09:30] admin: 查看文件: lesson_4_教案.pdf 从容器: 1031
[2025-11-30 16:09:30] admin: 下载文件: lesson_4_教案.pdf 从容器: 1031
[2025-11-30 16:09:46] admin: 查看文件: file2.txt 从容器: 1031
[2025-11-30 16:11:51] admin: 查看文件: lesson_4_教案.pdf 从容器: 1031
[2025-11-30 16:12:16] admin: 查看文件: lesson_4_教案.pdf 从容器: 1031
[2025-11-30 16:12:29] admin: 查看文件: lesson_4_教案.pdf 从容器: 1031
[2025-11-30 16:12:53] admin: 查看文件: lesson_4_教案.pdf 从容器: 1031
[2025-11-30 16:16:10] admin: 查看文件: lesson_4_教案.pdf 从容器: 1031
[2025-11-30 16:16:13] admin: 查看文件: file2.txt 从容器: 1031
[2025-11-30 16:18:07] admin: 查看文件: file2.txt 从容器: 1031
[2025-11-30 16:18:08] admin: 查看文件: file2.txt 从容器: 1031
[2025-11-30 16:18:08] admin: 查看文件: file2.txt 从容器: 1031
[2025-11-30 16:18:12] admin: 查看文件: 新建 文本文档.txt 从容器: 1031
[2025-11-30 16:18:18] admin: 查看文件: 云存储技术与应用.txt 从容器: 1031
[2025-12-05 08:38:18] a2: 用户注册成功
[2025-12-05 09:40:08] a1: 用户注册成功
[2025-12-12 08:46:18] admin: 查看文件: 云存储技术知识点详解.txt 从容器: 23432
[2025-12-12 08:46:26] admin: 上传文件: Pytest 测试框架--最新的副本 (2).pdf 到容器: 23432
[2025-12-12 08:46:28] admin: 查看文件: Pytest 测试框架--最新的副本 (2).pdf 从容器: 23432
[2025-12-12 08:48:30] admin: 上传文件: 534255213d619ee3b1656c8f03f7c216.mp4 到容器: 23432
[2025-12-12 08:48:34] admin: 查看文件: 534255213d619ee3b1656c8f03f7c216.mp4 从容器: 23432
[2025-12-12 08:50:43] admin: 查看文件: 534255213d619ee3b1656c8f03f7c216.mp4 从容器: 23432
[2025-12-12 08:50:52] admin: 查看文件: Pytest 测试框架--最新的副本 (2).pdf 从容器: 23432
[2025-12-12 08:50:55] admin: 查看文件: 534255213d619ee3b1656c8f03f7c216.mp4 从容器: 23432
[2025-12-12 08:52:41] admin: 查看媒体文件: 534255213d619ee3b1656c8f03f7c216.mp4 从容器: 23432
[2025-12-12 08:52:44] admin: 查看媒体文件: 534255213d619ee3b1656c8f03f7c216.mp4 从容器: 23432
[2025-12-12 08:52:52] admin: 查看媒体文件: 534255213d619ee3b1656c8f03f7c216.mp4 从容器: 23432
[2025-12-12 08:52:52] admin: 查看媒体文件: 534255213d619ee3b1656c8f03f7c216.mp4 从容器: 23432
[2025-12-12 08:52:57] admin: 查看媒体文件: 534255213d619ee3b1656c8f03f7c216.mp4 从容器: 23432
[2025-12-12 08:52:57] admin: 查看媒体文件: 534255213d619ee3b1656c8f03f7c216.mp4 从容器: 23432
[2025-12-12 08:53:00] admin: 查看文件: Pytest 测试框架--最新的副本 (2).pdf 从容器: 23432
[2025-12-12 08:53:04] admin: 查看文件: 云存储技术知识点详解.txt 从容器: 23432
[2025-12-12 08:54:34] admin: 查看媒体文件: 534255213d619ee3b1656c8f03f7c216.mp4 从容器: 23432
[2025-12-12 08:54:35] admin: 查看媒体文件: 534255213d619ee3b1656c8f03f7c216.mp4 从容器: 23432
[2025-12-12 08:55:34] admin: 查看文件: lesson_4_教案.pdf 从容器: 1031
[2025-12-12 08:58:27] admin: 查看文件: lesson_4_教案.pdf 从容器: 1031
[2025-12-12 09:03:04] admin: 查看文件: lesson_4_教案.pdf 从容器: 1031
[2025-12-12 09:03:31] admin: 下载文件: lesson_4_教案.pdf 从容器: 1031
[2025-12-12 09:04:10] admin: 查看文件: lesson_4_教案.pdf 从容器: 1031
[2025-12-12 09:04:22] admin: 查看文件: lesson_4_教案.pdf 从容器: 1031
[2025-12-12 09:12:14] admin: 查看文件: file2.txt 从容器: 1031
[2025-12-12 09:12:18] admin: 查看文件: lesson_4_教案.pdf 从容器: 1031
[2025-12-12 09:12:21] admin: 查看文件: 新建 文本文档.txt 从容器: 1031
[2025-12-12 09:12:32] admin: 查看媒体文件: 534255213d619ee3b1656c8f03f7c216.mp4 从容器: 23432
[2025-12-12 09:12:32] admin: 查看媒体文件: 534255213d619ee3b1656c8f03f7c216.mp4 从容器: 23432
[2025-12-12 09:12:35] admin: 查看文件: Pytest 测试框架--最新的副本 (2).pdf 从容器: 23432
[2025-12-12 09:12:38] admin: 查看文件: 云存储技术知识点详解.txt 从容器: 23432
[2025-12-12 09:17:31] lhc: 用户注册成功
[2025-12-12 09:17:45] lhc: 查看文件: file2.txt 从容器: 1031
[2025-12-12 09:17:56] lhc: 查看文件: Pytest 测试框架--最新的副本 (2).pdf 从容器: 23432
[2025-12-12 09:17:59] lhc: 查看媒体文件: 534255213d619ee3b1656c8f03f7c216.mp4 从容器: 23432
[2025-12-12 09:17:59] lhc: 查看媒体文件: 534255213d619ee3b1656c8f03f7c216.mp4 从容器: 23432
[2025-12-12 09:18:02] lhc: 查看文件: 云存储技术知识点详解.txt 从容器: 23432
[2025-12-12 09:42:32] sss: 用户注册成功
[2025-12-12 09:44:04] sss: 查看文件: Pytest 测试框架--最新的副本 (2).pdf 从容器: 23432
[2025-12-12 09:44:10] sss: 下载文件: Pytest 测试框架--最新的副本 (2).pdf 从容器: 23432
[2025-12-12 09:44:23] sss: 查看文件: 云存储技术知识点详解.txt 从容器: 23432
[2025-12-12 09:44:31] sss: 查看文件: Pytest 测试框架--最新的副本 (2).pdf 从容器: 23432
[2025-12-12 09:49:08] sss: 查看媒体文件: 534255213d619ee3b1656c8f03f7c216.mp4 从容器: 23432
[2025-12-12 09:49:08] sss: 查看媒体文件: 534255213d619ee3b1656c8f03f7c216.mp4 从容器: 23432
[2025-12-12 09:49:15] sss: 查看媒体文件: 534255213d619ee3b1656c8f03f7c216.mp4 从容器: 23432
[2025-12-12 09:49:15] sss: 查看媒体文件: 534255213d619ee3b1656c8f03f7c216.mp4 从容器: 23432
[2025-12-12 09:49:21] sss: 删除文件: 534255213d619ee3b1656c8f03f7c216.mp4 从容器: 23432
[2025-12-12 10:21:07] sss: 上传文件: d379e5d6fd519918795faef9f0dee1cf.mp4 到容器: 23432
[2025-12-12 10:21:11] sss: 查看媒体文件: d379e5d6fd519918795faef9f0dee1cf.mp4 从容器: 23432
[2025-12-12 10:21:11] sss: 查看媒体文件: d379e5d6fd519918795faef9f0dee1cf.mp4 从容器: 23432
[2025-12-12 10:22:50] ds: 用户注册成功
[2025-12-12 10:23:23] ds: 查看媒体文件: d379e5d6fd519918795faef9f0dee1cf.mp4 从容器: 23432
[2025-12-12 10:23:23] ds: 查看媒体文件: d379e5d6fd519918795faef9f0dee1cf.mp4 从容器: 23432
[2025-12-12 10:23:30] ds: 删除文件: d379e5d6fd519918795faef9f0dee1cf.mp4 从容器: 23432
[2025-12-12 10:23:33] ds: 下载文件: Pytest 测试框架--最新的副本 (2).pdf 从容器: 23432
[2025-12-12 10:23:42] ds: 上传文件: 2025-12-08_160316.png 到容器: 23432
[2025-12-12 11:31:22] dd: 用户注册成功
[2025-12-12 11:31:54] ds1: 用户注册成功
[2025-12-12 11:32:38] ee: 用户注册成功
[2025-12-12 11:33:25] ee: 查看文件: 2025-12-08_160316.png 从容器: 23432
[2025-12-12 11:33:25] ee: 下载文件: 2025-12-08_160316.png 从容器: 23432
[2025-12-12 11:33:32] ee: 查看文件: Pytest 测试框架--最新的副本 (2).pdf 从容器: 23432
[2025-12-12 11:33:33] ee: 下载文件: Pytest 测试框架--最新的副本 (2).pdf 从容器: 23432
[2025-12-12 11:33:41] ee: 查看文件: 云存储技术知识点详解.txt 从容器: 23432
[2025-12-12 11:34:02] ee: 上传文件: d379e5d6fd519918795faef9f0dee1cf.mp4 到容器: 23432
[2025-12-12 11:34:07] ee: 查看媒体文件: d379e5d6fd519918795faef9f0dee1cf.mp4 从容器: 23432
[2025-12-12 11:34:08] ee: 查看媒体文件: d379e5d6fd519918795faef9f0dee1cf.mp4 从容器: 23432
[2025-12-12 11:34:19] ee: 删除文件: 2025-12-08_160316.png 从容器: 23432
[2025-12-12 11:34:21] ee: 下载文件: d379e5d6fd519918795faef9f0dee1cf.mp4 从容器: 23432
